[debug] [2023-09-26T08:06:58.524Z] ----------------------------------------------------------------------
[debug] [2023-09-26T08:06:58.525Z] Command:       /home/ruben/.nvm/versions/node/v18.16.0/bin/node /home/ruben/.nvm/versions/node/v18.16.0/bin/firebase emulators:start --import=./db-local-data --export-on-exit=./db-local-data
[debug] [2023-09-26T08:06:58.526Z] CLI Version:   12.4.0
[debug] [2023-09-26T08:06:58.526Z] Platform:      linux
[debug] [2023-09-26T08:06:58.526Z] Node Version:  v18.16.0
[debug] [2023-09-26T08:06:58.527Z] Time:          Tue Sep 26 2023 09:06:58 GMT+0100 (British Summer Time)
[debug] [2023-09-26T08:06:58.527Z] ----------------------------------------------------------------------
[debug] 
[debug] [2023-09-26T08:06:58.590Z] > command requires scopes: ["email","openid","https://www.googleapis.com/auth/cloudplatformprojects.readonly","https://www.googleapis.com/auth/firebase","https://www.googleapis.com/auth/cloud-platform"]
[debug] [2023-09-26T08:06:58.590Z] > authorizing via signed-in user (a.ruben00001@gmail.com)
[debug] [2023-09-26T08:06:58.666Z] java version "20.0.2" 2023-07-18

[debug] [2023-09-26T08:06:58.667Z] Java(TM) SE Runtime Environment (build 20.0.2+9-78)

[debug] [2023-09-26T08:06:58.667Z] Java HotSpot(TM) 64-Bit Server VM (build 20.0.2+9-78, mixed mode, sharing)

[debug] [2023-09-26T08:06:58.672Z] Parsed Java major version: 20
[info] i  emulators: Starting emulators: auth, functions, firestore, storage, extensions {"metadata":{"emulator":{"name":"hub"},"message":"Starting emulators: auth, functions, firestore, storage, extensions"}}
[debug] [2023-09-26T08:06:58.676Z] >>> [apiv2][query] GET https://firebase.googleapis.com/v1beta1/projects/birch-collective [none]
[debug] [2023-09-26T08:06:59.054Z] <<< [apiv2][status] GET https://firebase.googleapis.com/v1beta1/projects/birch-collective 200
[debug] [2023-09-26T08:06:59.054Z] <<< [apiv2][body] GET https://firebase.googleapis.com/v1beta1/projects/birch-collective {"projectId":"birch-collective","projectNumber":"541317808314","displayName":"Birch Collective","name":"projects/birch-collective","resources":{"hostingSite":"birch-collective","storageBucket":"birch-collective.appspot.com","locationId":"europe-west"},"state":"ACTIVE","etag":"1_4db90928-ead6-4056-9e3f-932eb46f3457"}
[debug] [2023-09-26T08:06:59.059Z] [logging] Logging Emulator only supports listening on one address (127.0.0.1). Not listening on ::1
[debug] [2023-09-26T08:06:59.059Z] assigned listening specs for emulators {"user":{"ui":[{"address":"127.0.0.1","family":"IPv4","port":4000}],"auth":[{"address":"127.0.0.1","family":"IPv4","port":9099}],"firestore":[{"address":"127.0.0.1","family":"IPv4","port":8080}],"firestore.websocket":[{"address":"127.0.0.1","family":"IPv4","port":9150}],"storage":[{"address":"127.0.0.1","family":"IPv4","port":9199}],"hub":[{"address":"127.0.0.1","family":"IPv4","port":4400},{"address":"::1","family":"IPv6","port":4400}],"logging":[{"address":"127.0.0.1","family":"IPv4","port":4500}]},"metadata":{"message":"assigned listening specs for emulators"}}
[debug] [2023-09-26T08:06:59.066Z] [hub] writing locator at /tmp/hub-birch-collective.json
[debug] [2023-09-26T08:06:59.071Z] [Extensions] Started Extensions emulator, this is a noop.
[debug] [2023-09-26T08:06:59.073Z] [functions] Functions Emulator only supports listening on one address (127.0.0.1). Not listening on ::1
[debug] [2023-09-26T08:06:59.073Z] [eventarc] Eventarc Emulator only supports listening on one address (127.0.0.1). Not listening on ::1
[debug] [2023-09-26T08:06:59.073Z] late-assigned ports for functions and eventarc emulators {"user":{"ui":[{"address":"127.0.0.1","family":"IPv4","port":4000}],"auth":[{"address":"127.0.0.1","family":"IPv4","port":9099}],"firestore":[{"address":"127.0.0.1","family":"IPv4","port":8080}],"firestore.websocket":[{"address":"127.0.0.1","family":"IPv4","port":9150}],"storage":[{"address":"127.0.0.1","family":"IPv4","port":9199}],"hub":[{"address":"127.0.0.1","family":"IPv4","port":4400},{"address":"::1","family":"IPv6","port":4400}],"logging":[{"address":"127.0.0.1","family":"IPv4","port":4500}],"functions":[{"address":"127.0.0.1","family":"IPv4","port":5001}],"eventarc":[{"address":"127.0.0.1","family":"IPv4","port":9299}]},"metadata":{"message":"late-assigned ports for functions and eventarc emulators"}}
[warn] ⚠  functions: The following emulators are not running, calls to these services from the Functions emulator will affect production: database, hosting, pubsub {"metadata":{"emulator":{"name":"functions"},"message":"The following emulators are not running, calls to these services from the Functions emulator will affect production: \u001b[1mdatabase, hosting, pubsub\u001b[22m"}}
[debug] [2023-09-26T08:06:59.075Z] defaultcredentials: writing to file /home/ruben/.config/firebase/a_ruben00001_gmail.com_application_default_credentials.json
[debug] [2023-09-26T08:06:59.077Z] Setting GAC to /home/ruben/.config/firebase/a_ruben00001_gmail.com_application_default_credentials.json {"metadata":{"emulator":{"name":"functions"},"message":"Setting GAC to /home/ruben/.config/firebase/a_ruben00001_gmail.com_application_default_credentials.json"}}
[debug] [2023-09-26T08:06:59.077Z] >>> [apiv2][query] GET https://firebase.googleapis.com/v1beta1/projects/birch-collective/adminSdkConfig [none]
[debug] [2023-09-26T08:06:59.381Z] <<< [apiv2][status] GET https://firebase.googleapis.com/v1beta1/projects/birch-collective/adminSdkConfig 200
[debug] [2023-09-26T08:06:59.382Z] <<< [apiv2][body] GET https://firebase.googleapis.com/v1beta1/projects/birch-collective/adminSdkConfig {"projectId":"birch-collective","storageBucket":"birch-collective.appspot.com","locationId":"europe-west"}
[info] i  firestore: Importing data from /home/ruben/Coding/website-builds/birch-collective/version-june_2023/site/db-local-data/firestore_export/firestore_export.overall_export_metadata {"metadata":{"emulator":{"name":"firestore"},"message":"Importing data from /home/ruben/Coding/website-builds/birch-collective/version-june_2023/site/db-local-data/firestore_export/firestore_export.overall_export_metadata"}}
[debug] [2023-09-26T08:06:59.395Z] Ignoring unsupported arg: auto_download {"metadata":{"emulator":{"name":"firestore"},"message":"Ignoring unsupported arg: auto_download"}}
[debug] [2023-09-26T08:06:59.395Z] Ignoring unsupported arg: single_project_mode_error {"metadata":{"emulator":{"name":"firestore"},"message":"Ignoring unsupported arg: single_project_mode_error"}}
[debug] [2023-09-26T08:06:59.395Z] Starting Firestore Emulator with command {"binary":"java","args":["-Dgoogle.cloud_firestore.debug_log_level=FINE","-Duser.language=en","-jar","/home/ruben/.cache/firebase/emulators/cloud-firestore-emulator-v1.17.4.jar","--host","127.0.0.1","--port",8080,"--websocket_port",9150,"--project_id","birch-collective","--seed_from_export","/home/ruben/Coding/website-builds/birch-collective/version-june_2023/site/db-local-data/firestore_export/firestore_export.overall_export_metadata","--rules","/home/ruben/Coding/website-builds/birch-collective/version-june_2023/site/firestore.rules","--single_project_mode",true,"--functions_emulator","127.0.0.1:5001"],"optionalArgs":["port","webchannel_port","host","rules","websocket_port","functions_emulator","seed_from_export","project_id","single_project_mode"],"joinArgs":false} {"metadata":{"emulator":{"name":"firestore"},"message":"Starting Firestore Emulator with command {\"binary\":\"java\",\"args\":[\"-Dgoogle.cloud_firestore.debug_log_level=FINE\",\"-Duser.language=en\",\"-jar\",\"/home/ruben/.cache/firebase/emulators/cloud-firestore-emulator-v1.17.4.jar\",\"--host\",\"127.0.0.1\",\"--port\",8080,\"--websocket_port\",9150,\"--project_id\",\"birch-collective\",\"--seed_from_export\",\"/home/ruben/Coding/website-builds/birch-collective/version-june_2023/site/db-local-data/firestore_export/firestore_export.overall_export_metadata\",\"--rules\",\"/home/ruben/Coding/website-builds/birch-collective/version-june_2023/site/firestore.rules\",\"--single_project_mode\",true,\"--functions_emulator\",\"127.0.0.1:5001\"],\"optionalArgs\":[\"port\",\"webchannel_port\",\"host\",\"rules\",\"websocket_port\",\"functions_emulator\",\"seed_from_export\",\"project_id\",\"single_project_mode\"],\"joinArgs\":false}"}}
[info] i  firestore: Firestore Emulator logging to firestore-debug.log {"metadata":{"emulator":{"name":"firestore"},"message":"Firestore Emulator logging to \u001b[1mfirestore-debug.log\u001b[22m"}}
[debug] [2023-09-26T08:07:00.947Z] Sept 26, 2023 9:07:00 AM com.google.cloud.datastore.emulator.firestore.websocket.WebSocketServer start
INFO: Started WebSocket server on ws://127.0.0.1:9150
 {"metadata":{"emulator":{"name":"firestore"},"message":"Sept 26, 2023 9:07:00 AM com.google.cloud.datastore.emulator.firestore.websocket.WebSocketServer start\nINFO: Started WebSocket server on ws://127.0.0.1:9150\n"}}
[debug] [2023-09-26T08:07:00.972Z] API endpoint: http://127.0.0.1:8080 {"metadata":{"emulator":{"name":"firestore"},"message":"API endpoint: http://127.0.0.1:8080"}}
[debug] [2023-09-26T08:07:00.972Z] 
If you are using a library that supports the FIRESTORE_EMULATOR_HOST environment variable, run:

   export FIRESTORE_EMULATOR_HOST=127.0.0.1:8080

Dev App Server is now running.

 {"metadata":{"emulator":{"name":"firestore"},"message":"\nIf you are using a library that supports the FIRESTORE_EMULATOR_HOST environment variable, run:\n\n   export FIRESTORE_EMULATOR_HOST=127.0.0.1:8080\n\nDev App Server is now running.\n\n"}}
[info] ✔  firestore: Firestore Emulator UI websocket is running on 9150. {"metadata":{"emulator":{"name":"firestore"},"message":"Firestore Emulator UI websocket is running on 9150."}}
[info] i  auth: Importing config from /home/ruben/Coding/website-builds/birch-collective/version-june_2023/site/db-local-data/auth_export/config.json {"metadata":{"emulator":{"name":"auth"},"message":"Importing config from /home/ruben/Coding/website-builds/birch-collective/version-june_2023/site/db-local-data/auth_export/config.json"}}
[info] i  auth: Importing accounts from /home/ruben/Coding/website-builds/birch-collective/version-june_2023/site/db-local-data/auth_export/accounts.json {"metadata":{"emulator":{"name":"auth"},"message":"Importing accounts from /home/ruben/Coding/website-builds/birch-collective/version-june_2023/site/db-local-data/auth_export/accounts.json"}}
[debug] [2023-09-26T08:07:09.940Z] Ignoring unsupported arg: port {"metadata":{"emulator":{"name":"storage"},"message":"Ignoring unsupported arg: port"}}
[debug] [2023-09-26T08:07:11.154Z] Temp file directory for storage emulator: /tmp/firebase/storage/blobs {"metadata":{"emulator":{"name":"storage"},"message":"Temp file directory for storage emulator: /tmp/firebase/storage/blobs"}}
[debug] [2023-09-26T08:07:11.204Z] Ignoring unsupported arg: auto_download {"metadata":{"emulator":{"name":"ui"},"message":"Ignoring unsupported arg: auto_download"}}
[debug] [2023-09-26T08:07:11.204Z] Ignoring unsupported arg: port {"metadata":{"emulator":{"name":"ui"},"message":"Ignoring unsupported arg: port"}}
[debug] [2023-09-26T08:07:11.204Z] Starting Emulator UI with command {"binary":"node","args":["/home/ruben/.cache/firebase/emulators/ui-v1.11.6/server/server.js"],"optionalArgs":[],"joinArgs":false} {"metadata":{"emulator":{"name":"ui"},"message":"Starting Emulator UI with command {\"binary\":\"node\",\"args\":[\"/home/ruben/.cache/firebase/emulators/ui-v1.11.6/server/server.js\"],\"optionalArgs\":[],\"joinArgs\":false}"}}
[info] i  ui: Emulator UI logging to ui-debug.log {"metadata":{"emulator":{"name":"ui"},"message":"Emulator UI logging to \u001b[1mui-debug.log\u001b[22m"}}
[debug] [2023-09-26T08:07:11.317Z] Web / API server started at 127.0.0.1:4000
 {"metadata":{"emulator":{"name":"ui"},"message":"Web / API server started at 127.0.0.1:4000\n"}}
[debug] [2023-09-26T08:07:11.470Z] [Extensions] Connecting Extensions emulator, this is a noop.
[info] i  functions: Watching "/home/ruben/Coding/website-builds/birch-collective/version-june_2023/site/functions" for Cloud Functions... {"metadata":{"emulator":{"name":"functions"},"message":"Watching \"/home/ruben/Coding/website-builds/birch-collective/version-june_2023/site/functions\" for Cloud Functions..."}}
[error] ⬢  functions: Failed to load function definition from source: FirebaseError: could not deploy functions because the "functions" directory was not found. Please create it or specify a different source directory in firebase.json {"metadata":{"emulator":{"name":"functions"},"message":"Failed to load function definition from source: FirebaseError: could not deploy functions because the \u001b[1m\"functions\"\u001b[22m directory was not found. Please create it or specify a different source directory in firebase.json"}}
[info] 
┌─────────────────────────────────────────────────────────────┐
│ ✔  All emulators ready! It is now safe to connect your app. │
│ i  View Emulator UI at http://127.0.0.1:4000/               │
└─────────────────────────────────────────────────────────────┘

┌────────────────┬────────────────┬──────────────────────────────────┐
│ Emulator       │ Host:Port      │ View in Emulator UI              │
├────────────────┼────────────────┼──────────────────────────────────┤
│ Authentication │ 127.0.0.1:9099 │ http://127.0.0.1:4000/auth       │
├────────────────┼────────────────┼──────────────────────────────────┤
│ Functions      │ 127.0.0.1:5001 │ http://127.0.0.1:4000/functions  │
├────────────────┼────────────────┼──────────────────────────────────┤
│ Firestore      │ 127.0.0.1:8080 │ http://127.0.0.1:4000/firestore  │
├────────────────┼────────────────┼──────────────────────────────────┤
│ Storage        │ 127.0.0.1:9199 │ http://127.0.0.1:4000/storage    │
├────────────────┼────────────────┼──────────────────────────────────┤
│ Extensions     │ 127.0.0.1:5001 │ http://127.0.0.1:4000/extensions │
└────────────────┴────────────────┴──────────────────────────────────┘
  Emulator Hub running at 127.0.0.1:4400
  Other reserved ports: 4500, 9150
┌─────────────────────────┬───────────────┬─────────────────────┐
│ Extension Instance Name │ Extension Ref │ View in Emulator UI │
└─────────────────────────┴───────────────┴─────────────────────┘
Issues? Report them at https://github.com/firebase/firebase-tools/issues and attach the *-debug.log files.
 
[debug] [2023-09-26T08:07:19.657Z] Sept 26, 2023 9:07:19 AM io.gapi.emulators.netty.HttpVersionRoutingHandler channelRead
INFO: Detected non-HTTP/2 connection.
 {"metadata":{"emulator":{"name":"firestore"},"message":"Sept 26, 2023 9:07:19 AM io.gapi.emulators.netty.HttpVersionRoutingHandler channelRead\nINFO: Detected non-HTTP/2 connection.\n"}}
[debug] [2023-09-26T08:07:19.876Z] Sept 26, 2023 9:07:19 AM io.gapi.emulators.netty.HttpVersionRoutingHandler channelRead
INFO: Detected HTTP/2 connection.
 {"metadata":{"emulator":{"name":"firestore"},"message":"Sept 26, 2023 9:07:19 AM io.gapi.emulators.netty.HttpVersionRoutingHandler channelRead\nINFO: Detected HTTP/2 connection.\n"}}
[debug] [2023-09-26T08:07:19.962Z] Multiple projectIds are not recommended in single project mode. Requested project ID birch-collective-develop, but the emulator is configured for birch-collective. To opt-out of single project mode add/set the '"singleProjectMode": false' property in the firebase.json emulators config.
 {"metadata":{"emulator":{"name":"firestore"},"message":"Multiple projectIds are not recommended in single project mode. Requested project ID birch-collective-develop, but the emulator is configured for birch-collective. To opt-out of single project mode add/set the '\"singleProjectMode\": false' property in the firebase.json emulators config.\n"}}
[debug] [2023-09-26T08:07:20.920Z] Sept 26, 2023 9:07:20 AM io.gapi.emulators.netty.HttpVersionRoutingHandler channelRead
INFO: Detected non-HTTP/2 connection.
 {"metadata":{"emulator":{"name":"firestore"},"message":"Sept 26, 2023 9:07:20 AM io.gapi.emulators.netty.HttpVersionRoutingHandler channelRead\nINFO: Detected non-HTTP/2 connection.\n"}}
[debug] [2023-09-26T08:07:20.927Z] Multiple projectIds are not recommended in single project mode. Requested project ID birch-collective-develop, but the emulator is configured for birch-collective. To opt-out of single project mode add/set the '"singleProjectMode": false' property in the firebase.json emulators config.
 {"metadata":{"emulator":{"name":"firestore"},"message":"Multiple projectIds are not recommended in single project mode. Requested project ID birch-collective-develop, but the emulator is configured for birch-collective. To opt-out of single project mode add/set the '\"singleProjectMode\": false' property in the firebase.json emulators config.\n"}}
[debug] [2023-09-26T08:07:20.943Z] Sept 26, 2023 9:07:20 AM io.gapi.emulators.netty.HttpVersionRoutingHandler channelRead
INFO: Detected non-HTTP/2 connection.
 {"metadata":{"emulator":{"name":"firestore"},"message":"Sept 26, 2023 9:07:20 AM io.gapi.emulators.netty.HttpVersionRoutingHandler channelRead\nINFO: Detected non-HTTP/2 connection.\n"}}
[debug] [2023-09-26T08:07:20.949Z] Multiple projectIds are not recommended in single project mode. Requested project ID birch-collective-develop, but the emulator is configured for birch-collective. To opt-out of single project mode add/set the '"singleProjectMode": false' property in the firebase.json emulators config.
 {"metadata":{"emulator":{"name":"firestore"},"message":"Multiple projectIds are not recommended in single project mode. Requested project ID birch-collective-develop, but the emulator is configured for birch-collective. To opt-out of single project mode add/set the '\"singleProjectMode\": false' property in the firebase.json emulators config.\n"}}
[debug] [2023-09-26T08:07:20.962Z] Sept 26, 2023 9:07:20 AM io.gapi.emulators.netty.HttpVersionRoutingHandler channelRead
INFO: Detected non-HTTP/2 connection.
 {"metadata":{"emulator":{"name":"firestore"},"message":"Sept 26, 2023 9:07:20 AM io.gapi.emulators.netty.HttpVersionRoutingHandler channelRead\nINFO: Detected non-HTTP/2 connection.\n"}}
[debug] [2023-09-26T08:07:20.969Z] Multiple projectIds are not recommended in single project mode. Requested project ID birch-collective-develop, but the emulator is configured for birch-collective. To opt-out of single project mode add/set the '"singleProjectMode": false' property in the firebase.json emulators config.
 {"metadata":{"emulator":{"name":"firestore"},"message":"Multiple projectIds are not recommended in single project mode. Requested project ID birch-collective-develop, but the emulator is configured for birch-collective. To opt-out of single project mode add/set the '\"singleProjectMode\": false' property in the firebase.json emulators config.\n"}}
[debug] [2023-09-26T08:07:20.974Z] Sept 26, 2023 9:07:20 AM io.gapi.emulators.netty.HttpVersionRoutingHandler channelRead
INFO: Detected non-HTTP/2 connection.
 {"metadata":{"emulator":{"name":"firestore"},"message":"Sept 26, 2023 9:07:20 AM io.gapi.emulators.netty.HttpVersionRoutingHandler channelRead\nINFO: Detected non-HTTP/2 connection.\n"}}
[debug] [2023-09-26T08:07:20.980Z] Multiple projectIds are not recommended in single project mode. Requested project ID birch-collective-develop, but the emulator is configured for birch-collective. To opt-out of single project mode add/set the '"singleProjectMode": false' property in the firebase.json emulators config.
 {"metadata":{"emulator":{"name":"firestore"},"message":"Multiple projectIds are not recommended in single project mode. Requested project ID birch-collective-develop, but the emulator is configured for birch-collective. To opt-out of single project mode add/set the '\"singleProjectMode\": false' property in the firebase.json emulators config.\n"}}
[debug] [2023-09-26T08:07:21.006Z] Sept 26, 2023 9:07:21 AM io.gapi.emulators.netty.HttpVersionRoutingHandler channelRead
INFO: Detected non-HTTP/2 connection.
 {"metadata":{"emulator":{"name":"firestore"},"message":"Sept 26, 2023 9:07:21 AM io.gapi.emulators.netty.HttpVersionRoutingHandler channelRead\nINFO: Detected non-HTTP/2 connection.\n"}}
[debug] [2023-09-26T08:07:21.026Z] Multiple projectIds are not recommended in single project mode. Requested project ID birch-collective-develop, but the emulator is configured for birch-collective. To opt-out of single project mode add/set the '"singleProjectMode": false' property in the firebase.json emulators config.
 {"metadata":{"emulator":{"name":"firestore"},"message":"Multiple projectIds are not recommended in single project mode. Requested project ID birch-collective-develop, but the emulator is configured for birch-collective. To opt-out of single project mode add/set the '\"singleProjectMode\": false' property in the firebase.json emulators config.\n"}}
[debug] [2023-09-26T08:07:21.084Z] Sept 26, 2023 9:07:21 AM io.gapi.emulators.netty.HttpVersionRoutingHandler channelRead
INFO: Detected non-HTTP/2 connection.
 {"metadata":{"emulator":{"name":"firestore"},"message":"Sept 26, 2023 9:07:21 AM io.gapi.emulators.netty.HttpVersionRoutingHandler channelRead\nINFO: Detected non-HTTP/2 connection.\n"}}
[debug] [2023-09-26T08:07:21.094Z] Multiple projectIds are not recommended in single project mode. Requested project ID birch-collective-develop, but the emulator is configured for birch-collective. To opt-out of single project mode add/set the '"singleProjectMode": false' property in the firebase.json emulators config.
 {"metadata":{"emulator":{"name":"firestore"},"message":"Multiple projectIds are not recommended in single project mode. Requested project ID birch-collective-develop, but the emulator is configured for birch-collective. To opt-out of single project mode add/set the '\"singleProjectMode\": false' property in the firebase.json emulators config.\n"}}
[debug] [2023-09-26T08:07:21.113Z] Sept 26, 2023 9:07:21 AM io.gapi.emulators.netty.HttpVersionRoutingHandler channelRead
INFO: Detected non-HTTP/2 connection.
 {"metadata":{"emulator":{"name":"firestore"},"message":"Sept 26, 2023 9:07:21 AM io.gapi.emulators.netty.HttpVersionRoutingHandler channelRead\nINFO: Detected non-HTTP/2 connection.\n"}}
[debug] [2023-09-26T08:07:21.120Z] Multiple projectIds are not recommended in single project mode. Requested project ID birch-collective-develop, but the emulator is configured for birch-collective. To opt-out of single project mode add/set the '"singleProjectMode": false' property in the firebase.json emulators config.
 {"metadata":{"emulator":{"name":"firestore"},"message":"Multiple projectIds are not recommended in single project mode. Requested project ID birch-collective-develop, but the emulator is configured for birch-collective. To opt-out of single project mode add/set the '\"singleProjectMode\": false' property in the firebase.json emulators config.\n"}}
[debug] [2023-09-26T08:07:21.148Z] Sept 26, 2023 9:07:21 AM io.gapi.emulators.netty.HttpVersionRoutingHandler channelRead
INFO: Detected non-HTTP/2 connection.
 {"metadata":{"emulator":{"name":"firestore"},"message":"Sept 26, 2023 9:07:21 AM io.gapi.emulators.netty.HttpVersionRoutingHandler channelRead\nINFO: Detected non-HTTP/2 connection.\n"}}
[debug] [2023-09-26T08:07:21.153Z] Multiple projectIds are not recommended in single project mode. Requested project ID birch-collective-develop, but the emulator is configured for birch-collective. To opt-out of single project mode add/set the '"singleProjectMode": false' property in the firebase.json emulators config.
 {"metadata":{"emulator":{"name":"firestore"},"message":"Multiple projectIds are not recommended in single project mode. Requested project ID birch-collective-develop, but the emulator is configured for birch-collective. To opt-out of single project mode add/set the '\"singleProjectMode\": false' property in the firebase.json emulators config.\n"}}
[debug] [2023-09-26T08:07:21.184Z] Sept 26, 2023 9:07:21 AM io.gapi.emulators.netty.HttpVersionRoutingHandler channelRead
INFO: Detected non-HTTP/2 connection.
 {"metadata":{"emulator":{"name":"firestore"},"message":"Sept 26, 2023 9:07:21 AM io.gapi.emulators.netty.HttpVersionRoutingHandler channelRead\nINFO: Detected non-HTTP/2 connection.\n"}}
[debug] [2023-09-26T08:07:21.191Z] Sept 26, 2023 9:07:21 AM io.gapi.emulators.netty.HttpVersionRoutingHandler channelRead
INFO: Detected non-HTTP/2 connection.
 {"metadata":{"emulator":{"name":"firestore"},"message":"Sept 26, 2023 9:07:21 AM io.gapi.emulators.netty.HttpVersionRoutingHandler channelRead\nINFO: Detected non-HTTP/2 connection.\n"}}
[debug] [2023-09-26T08:07:21.191Z] Multiple projectIds are not recommended in single project mode. Requested project ID birch-collective-develop, but the emulator is configured for birch-collective. To opt-out of single project mode add/set the '"singleProjectMode": false' property in the firebase.json emulators config.
 {"metadata":{"emulator":{"name":"firestore"},"message":"Multiple projectIds are not recommended in single project mode. Requested project ID birch-collective-develop, but the emulator is configured for birch-collective. To opt-out of single project mode add/set the '\"singleProjectMode\": false' property in the firebase.json emulators config.\n"}}
[debug] [2023-09-26T08:07:21.197Z] Multiple projectIds are not recommended in single project mode. Requested project ID birch-collective-develop, but the emulator is configured for birch-collective. To opt-out of single project mode add/set the '"singleProjectMode": false' property in the firebase.json emulators config.
 {"metadata":{"emulator":{"name":"firestore"},"message":"Multiple projectIds are not recommended in single project mode. Requested project ID birch-collective-develop, but the emulator is configured for birch-collective. To opt-out of single project mode add/set the '\"singleProjectMode\": false' property in the firebase.json emulators config.\n"}}
[debug] [2023-09-26T08:12:54.749Z] Sept 26, 2023 9:12:54 AM io.gapi.emulators.netty.HttpVersionRoutingHandler channelRead
INFO: Detected non-HTTP/2 connection.
 {"metadata":{"emulator":{"name":"firestore"},"message":"Sept 26, 2023 9:12:54 AM io.gapi.emulators.netty.HttpVersionRoutingHandler channelRead\nINFO: Detected non-HTTP/2 connection.\n"}}
[debug] [2023-09-26T08:12:54.754Z] Multiple projectIds are not recommended in single project mode. Requested project ID birch-collective-develop, but the emulator is configured for birch-collective. To opt-out of single project mode add/set the '"singleProjectMode": false' property in the firebase.json emulators config.
 {"metadata":{"emulator":{"name":"firestore"},"message":"Multiple projectIds are not recommended in single project mode. Requested project ID birch-collective-develop, but the emulator is configured for birch-collective. To opt-out of single project mode add/set the '\"singleProjectMode\": false' property in the firebase.json emulators config.\n"}}
[debug] [2023-09-26T08:12:54.769Z] Sept 26, 2023 9:12:54 AM io.gapi.emulators.netty.HttpVersionRoutingHandler channelRead
INFO: Detected non-HTTP/2 connection.
 {"metadata":{"emulator":{"name":"firestore"},"message":"Sept 26, 2023 9:12:54 AM io.gapi.emulators.netty.HttpVersionRoutingHandler channelRead\nINFO: Detected non-HTTP/2 connection.\n"}}
[debug] [2023-09-26T08:12:54.776Z] Multiple projectIds are not recommended in single project mode. Requested project ID birch-collective-develop, but the emulator is configured for birch-collective. To opt-out of single project mode add/set the '"singleProjectMode": false' property in the firebase.json emulators config.
 {"metadata":{"emulator":{"name":"firestore"},"message":"Multiple projectIds are not recommended in single project mode. Requested project ID birch-collective-develop, but the emulator is configured for birch-collective. To opt-out of single project mode add/set the '\"singleProjectMode\": false' property in the firebase.json emulators config.\n"}}
[debug] [2023-09-26T08:12:54.790Z] Sept 26, 2023 9:12:54 AM io.gapi.emulators.netty.HttpVersionRoutingHandler channelRead
INFO: Detected non-HTTP/2 connection.
 {"metadata":{"emulator":{"name":"firestore"},"message":"Sept 26, 2023 9:12:54 AM io.gapi.emulators.netty.HttpVersionRoutingHandler channelRead\nINFO: Detected non-HTTP/2 connection.\n"}}
[debug] [2023-09-26T08:12:54.798Z] Multiple projectIds are not recommended in single project mode. Requested project ID birch-collective-develop, but the emulator is configured for birch-collective. To opt-out of single project mode add/set the '"singleProjectMode": false' property in the firebase.json emulators config.
 {"metadata":{"emulator":{"name":"firestore"},"message":"Multiple projectIds are not recommended in single project mode. Requested project ID birch-collective-develop, but the emulator is configured for birch-collective. To opt-out of single project mode add/set the '\"singleProjectMode\": false' property in the firebase.json emulators config.\n"}}
[debug] [2023-09-26T08:12:54.815Z] Sept 26, 2023 9:12:54 AM io.gapi.emulators.netty.HttpVersionRoutingHandler channelRead
INFO: Detected non-HTTP/2 connection.
 {"metadata":{"emulator":{"name":"firestore"},"message":"Sept 26, 2023 9:12:54 AM io.gapi.emulators.netty.HttpVersionRoutingHandler channelRead\nINFO: Detected non-HTTP/2 connection.\n"}}
[debug] [2023-09-26T08:12:54.815Z] Multiple projectIds are not recommended in single project mode. Requested project ID birch-collective-develop, but the emulator is configured for birch-collective. To opt-out of single project mode add/set the '"singleProjectMode": false' property in the firebase.json emulators config.
 {"metadata":{"emulator":{"name":"firestore"},"message":"Multiple projectIds are not recommended in single project mode. Requested project ID birch-collective-develop, but the emulator is configured for birch-collective. To opt-out of single project mode add/set the '\"singleProjectMode\": false' property in the firebase.json emulators config.\n"}}
[debug] [2023-09-26T08:12:54.832Z] Sept 26, 2023 9:12:54 AM io.gapi.emulators.netty.HttpVersionRoutingHandler channelRead
INFO: Detected non-HTTP/2 connection.
 {"metadata":{"emulator":{"name":"firestore"},"message":"Sept 26, 2023 9:12:54 AM io.gapi.emulators.netty.HttpVersionRoutingHandler channelRead\nINFO: Detected non-HTTP/2 connection.\n"}}
[debug] [2023-09-26T08:12:54.832Z] Multiple projectIds are not recommended in single project mode. Requested project ID birch-collective-develop, but the emulator is configured for birch-collective. To opt-out of single project mode add/set the '"singleProjectMode": false' property in the firebase.json emulators config.
 {"metadata":{"emulator":{"name":"firestore"},"message":"Multiple projectIds are not recommended in single project mode. Requested project ID birch-collective-develop, but the emulator is configured for birch-collective. To opt-out of single project mode add/set the '\"singleProjectMode\": false' property in the firebase.json emulators config.\n"}}
[debug] [2023-09-26T08:12:54.843Z] Sept 26, 2023 9:12:54 AM io.gapi.emulators.netty.HttpVersionRoutingHandler channelRead
INFO: Detected non-HTTP/2 connection.
 {"metadata":{"emulator":{"name":"firestore"},"message":"Sept 26, 2023 9:12:54 AM io.gapi.emulators.netty.HttpVersionRoutingHandler channelRead\nINFO: Detected non-HTTP/2 connection.\n"}}
[debug] [2023-09-26T08:12:54.851Z] Multiple projectIds are not recommended in single project mode. Requested project ID birch-collective-develop, but the emulator is configured for birch-collective. To opt-out of single project mode add/set the '"singleProjectMode": false' property in the firebase.json emulators config.
 {"metadata":{"emulator":{"name":"firestore"},"message":"Multiple projectIds are not recommended in single project mode. Requested project ID birch-collective-develop, but the emulator is configured for birch-collective. To opt-out of single project mode add/set the '\"singleProjectMode\": false' property in the firebase.json emulators config.\n"}}
[debug] [2023-09-26T08:12:54.865Z] Sept 26, 2023 9:12:54 AM io.gapi.emulators.netty.HttpVersionRoutingHandler channelRead
INFO: Detected non-HTTP/2 connection.
 {"metadata":{"emulator":{"name":"firestore"},"message":"Sept 26, 2023 9:12:54 AM io.gapi.emulators.netty.HttpVersionRoutingHandler channelRead\nINFO: Detected non-HTTP/2 connection.\n"}}
[debug] [2023-09-26T08:12:54.877Z] Multiple projectIds are not recommended in single project mode. Requested project ID birch-collective-develop, but the emulator is configured for birch-collective. To opt-out of single project mode add/set the '"singleProjectMode": false' property in the firebase.json emulators config.
 {"metadata":{"emulator":{"name":"firestore"},"message":"Multiple projectIds are not recommended in single project mode. Requested project ID birch-collective-develop, but the emulator is configured for birch-collective. To opt-out of single project mode add/set the '\"singleProjectMode\": false' property in the firebase.json emulators config.\n"}}
[debug] [2023-09-26T08:12:54.878Z] Sept 26, 2023 9:12:54 AM io.gapi.emulators.netty.HttpVersionRoutingHandler channelRead
INFO: Detected non-HTTP/2 connection.
 {"metadata":{"emulator":{"name":"firestore"},"message":"Sept 26, 2023 9:12:54 AM io.gapi.emulators.netty.HttpVersionRoutingHandler channelRead\nINFO: Detected non-HTTP/2 connection.\n"}}
[debug] [2023-09-26T08:12:54.880Z] Multiple projectIds are not recommended in single project mode. Requested project ID birch-collective-develop, but the emulator is configured for birch-collective. To opt-out of single project mode add/set the '"singleProjectMode": false' property in the firebase.json emulators config.
 {"metadata":{"emulator":{"name":"firestore"},"message":"Multiple projectIds are not recommended in single project mode. Requested project ID birch-collective-develop, but the emulator is configured for birch-collective. To opt-out of single project mode add/set the '\"singleProjectMode\": false' property in the firebase.json emulators config.\n"}}
[debug] [2023-09-26T08:12:54.895Z] Sept 26, 2023 9:12:54 AM io.gapi.emulators.netty.HttpVersionRoutingHandler channelRead
INFO: Detected non-HTTP/2 connection.
 {"metadata":{"emulator":{"name":"firestore"},"message":"Sept 26, 2023 9:12:54 AM io.gapi.emulators.netty.HttpVersionRoutingHandler channelRead\nINFO: Detected non-HTTP/2 connection.\n"}}
[debug] [2023-09-26T08:12:54.913Z] Multiple projectIds are not recommended in single project mode. Requested project ID birch-collective-develop, but the emulator is configured for birch-collective. To opt-out of single project mode add/set the '"singleProjectMode": false' property in the firebase.json emulators config.
 {"metadata":{"emulator":{"name":"firestore"},"message":"Multiple projectIds are not recommended in single project mode. Requested project ID birch-collective-develop, but the emulator is configured for birch-collective. To opt-out of single project mode add/set the '\"singleProjectMode\": false' property in the firebase.json emulators config.\n"}}
[debug] [2023-09-26T08:12:54.928Z] Sept 26, 2023 9:12:54 AM io.gapi.emulators.netty.HttpVersionRoutingHandler channelRead
INFO: Detected non-HTTP/2 connection.
 {"metadata":{"emulator":{"name":"firestore"},"message":"Sept 26, 2023 9:12:54 AM io.gapi.emulators.netty.HttpVersionRoutingHandler channelRead\nINFO: Detected non-HTTP/2 connection.\n"}}
[debug] [2023-09-26T08:12:54.930Z] Sept 26, 2023 9:12:54 AM io.gapi.emulators.netty.HttpVersionRoutingHandler channelRead
INFO: Detected non-HTTP/2 connection.
 {"metadata":{"emulator":{"name":"firestore"},"message":"Sept 26, 2023 9:12:54 AM io.gapi.emulators.netty.HttpVersionRoutingHandler channelRead\nINFO: Detected non-HTTP/2 connection.\n"}}
[debug] [2023-09-26T08:12:54.938Z] Multiple projectIds are not recommended in single project mode. Requested project ID birch-collective-develop, but the emulator is configured for birch-collective. To opt-out of single project mode add/set the '"singleProjectMode": false' property in the firebase.json emulators config.
Multiple projectIds are not recommended in single project mode. Requested project ID birch-collective-develop, but the emulator is configured for birch-collective. To opt-out of single project mode add/set the '"singleProjectMode": false' property in the firebase.json emulators config.
 {"metadata":{"emulator":{"name":"firestore"},"message":"Multiple projectIds are not recommended in single project mode. Requested project ID birch-collective-develop, but the emulator is configured for birch-collective. To opt-out of single project mode add/set the '\"singleProjectMode\": false' property in the firebase.json emulators config.\nMultiple projectIds are not recommended in single project mode. Requested project ID birch-collective-develop, but the emulator is configured for birch-collective. To opt-out of single project mode add/set the '\"singleProjectMode\": false' property in the firebase.json emulators config.\n"}}
[debug] [2023-09-26T08:24:31.780Z] Sept 26, 2023 9:24:31 AM io.gapi.emulators.netty.HttpVersionRoutingHandler channelRead
INFO: Detected non-HTTP/2 connection.
 {"metadata":{"emulator":{"name":"firestore"},"message":"Sept 26, 2023 9:24:31 AM io.gapi.emulators.netty.HttpVersionRoutingHandler channelRead\nINFO: Detected non-HTTP/2 connection.\n"}}
[debug] [2023-09-26T08:24:31.794Z] Multiple projectIds are not recommended in single project mode. Requested project ID birch-collective-develop, but the emulator is configured for birch-collective. To opt-out of single project mode add/set the '"singleProjectMode": false' property in the firebase.json emulators config.
 {"metadata":{"emulator":{"name":"firestore"},"message":"Multiple projectIds are not recommended in single project mode. Requested project ID birch-collective-develop, but the emulator is configured for birch-collective. To opt-out of single project mode add/set the '\"singleProjectMode\": false' property in the firebase.json emulators config.\n"}}
[debug] [2023-09-26T08:24:31.816Z] Sept 26, 2023 9:24:31 AM io.gapi.emulators.netty.HttpVersionRoutingHandler channelRead
INFO: Detected non-HTTP/2 connection.
 {"metadata":{"emulator":{"name":"firestore"},"message":"Sept 26, 2023 9:24:31 AM io.gapi.emulators.netty.HttpVersionRoutingHandler channelRead\nINFO: Detected non-HTTP/2 connection.\n"}}
[debug] [2023-09-26T08:24:31.821Z] Multiple projectIds are not recommended in single project mode. Requested project ID birch-collective-develop, but the emulator is configured for birch-collective. To opt-out of single project mode add/set the '"singleProjectMode": false' property in the firebase.json emulators config.
 {"metadata":{"emulator":{"name":"firestore"},"message":"Multiple projectIds are not recommended in single project mode. Requested project ID birch-collective-develop, but the emulator is configured for birch-collective. To opt-out of single project mode add/set the '\"singleProjectMode\": false' property in the firebase.json emulators config.\n"}}
[debug] [2023-09-26T08:24:31.847Z] Sept 26, 2023 9:24:31 AM io.gapi.emulators.netty.HttpVersionRoutingHandler channelRead
INFO: Detected non-HTTP/2 connection.
 {"metadata":{"emulator":{"name":"firestore"},"message":"Sept 26, 2023 9:24:31 AM io.gapi.emulators.netty.HttpVersionRoutingHandler channelRead\nINFO: Detected non-HTTP/2 connection.\n"}}
[debug] [2023-09-26T08:24:31.855Z] Multiple projectIds are not recommended in single project mode. Requested project ID birch-collective-develop, but the emulator is configured for birch-collective. To opt-out of single project mode add/set the '"singleProjectMode": false' property in the firebase.json emulators config.
 {"metadata":{"emulator":{"name":"firestore"},"message":"Multiple projectIds are not recommended in single project mode. Requested project ID birch-collective-develop, but the emulator is configured for birch-collective. To opt-out of single project mode add/set the '\"singleProjectMode\": false' property in the firebase.json emulators config.\n"}}
[debug] [2023-09-26T08:24:31.874Z] Sept 26, 2023 9:24:31 AM io.gapi.emulators.netty.HttpVersionRoutingHandler channelRead
INFO: Detected non-HTTP/2 connection.
 {"metadata":{"emulator":{"name":"firestore"},"message":"Sept 26, 2023 9:24:31 AM io.gapi.emulators.netty.HttpVersionRoutingHandler channelRead\nINFO: Detected non-HTTP/2 connection.\n"}}
[debug] [2023-09-26T08:24:31.874Z] Multiple projectIds are not recommended in single project mode. Requested project ID birch-collective-develop, but the emulator is configured for birch-collective. To opt-out of single project mode add/set the '"singleProjectMode": false' property in the firebase.json emulators config.
 {"metadata":{"emulator":{"name":"firestore"},"message":"Multiple projectIds are not recommended in single project mode. Requested project ID birch-collective-develop, but the emulator is configured for birch-collective. To opt-out of single project mode add/set the '\"singleProjectMode\": false' property in the firebase.json emulators config.\n"}}
[debug] [2023-09-26T08:24:31.898Z] Sept 26, 2023 9:24:31 AM io.gapi.emulators.netty.HttpVersionRoutingHandler channelRead
INFO: Detected non-HTTP/2 connection.
 {"metadata":{"emulator":{"name":"firestore"},"message":"Sept 26, 2023 9:24:31 AM io.gapi.emulators.netty.HttpVersionRoutingHandler channelRead\nINFO: Detected non-HTTP/2 connection.\n"}}
[debug] [2023-09-26T08:24:31.899Z] Multiple projectIds are not recommended in single project mode. Requested project ID birch-collective-develop, but the emulator is configured for birch-collective. To opt-out of single project mode add/set the '"singleProjectMode": false' property in the firebase.json emulators config.
 {"metadata":{"emulator":{"name":"firestore"},"message":"Multiple projectIds are not recommended in single project mode. Requested project ID birch-collective-develop, but the emulator is configured for birch-collective. To opt-out of single project mode add/set the '\"singleProjectMode\": false' property in the firebase.json emulators config.\n"}}
[debug] [2023-09-26T08:24:31.916Z] Sept 26, 2023 9:24:31 AM io.gapi.emulators.netty.HttpVersionRoutingHandler channelRead
INFO: Detected non-HTTP/2 connection.
 {"metadata":{"emulator":{"name":"firestore"},"message":"Sept 26, 2023 9:24:31 AM io.gapi.emulators.netty.HttpVersionRoutingHandler channelRead\nINFO: Detected non-HTTP/2 connection.\n"}}
[debug] [2023-09-26T08:24:31.917Z] Multiple projectIds are not recommended in single project mode. Requested project ID birch-collective-develop, but the emulator is configured for birch-collective. To opt-out of single project mode add/set the '"singleProjectMode": false' property in the firebase.json emulators config.
 {"metadata":{"emulator":{"name":"firestore"},"message":"Multiple projectIds are not recommended in single project mode. Requested project ID birch-collective-develop, but the emulator is configured for birch-collective. To opt-out of single project mode add/set the '\"singleProjectMode\": false' property in the firebase.json emulators config.\n"}}
[debug] [2023-09-26T08:24:31.933Z] Sept 26, 2023 9:24:31 AM io.gapi.emulators.netty.HttpVersionRoutingHandler channelRead
INFO: Detected non-HTTP/2 connection.
Sept 26, 2023 9:24:31 AM io.gapi.emulators.netty.HttpVersionRoutingHandler channelRead
INFO: Detected non-HTTP/2 connection.
 {"metadata":{"emulator":{"name":"firestore"},"message":"Sept 26, 2023 9:24:31 AM io.gapi.emulators.netty.HttpVersionRoutingHandler channelRead\nINFO: Detected non-HTTP/2 connection.\nSept 26, 2023 9:24:31 AM io.gapi.emulators.netty.HttpVersionRoutingHandler channelRead\nINFO: Detected non-HTTP/2 connection.\n"}}
[debug] [2023-09-26T08:24:31.933Z] Multiple projectIds are not recommended in single project mode. Requested project ID birch-collective-develop, but the emulator is configured for birch-collective. To opt-out of single project mode add/set the '"singleProjectMode": false' property in the firebase.json emulators config.
 {"metadata":{"emulator":{"name":"firestore"},"message":"Multiple projectIds are not recommended in single project mode. Requested project ID birch-collective-develop, but the emulator is configured for birch-collective. To opt-out of single project mode add/set the '\"singleProjectMode\": false' property in the firebase.json emulators config.\n"}}
[debug] [2023-09-26T08:24:31.947Z] Multiple projectIds are not recommended in single project mode. Requested project ID birch-collective-develop, but the emulator is configured for birch-collective. To opt-out of single project mode add/set the '"singleProjectMode": false' property in the firebase.json emulators config.
 {"metadata":{"emulator":{"name":"firestore"},"message":"Multiple projectIds are not recommended in single project mode. Requested project ID birch-collective-develop, but the emulator is configured for birch-collective. To opt-out of single project mode add/set the '\"singleProjectMode\": false' property in the firebase.json emulators config.\n"}}
[debug] [2023-09-26T08:24:31.953Z] Sept 26, 2023 9:24:31 AM io.gapi.emulators.netty.HttpVersionRoutingHandler channelRead
INFO: Detected non-HTTP/2 connection.
 {"metadata":{"emulator":{"name":"firestore"},"message":"Sept 26, 2023 9:24:31 AM io.gapi.emulators.netty.HttpVersionRoutingHandler channelRead\nINFO: Detected non-HTTP/2 connection.\n"}}
[debug] [2023-09-26T08:24:31.958Z] Multiple projectIds are not recommended in single project mode. Requested project ID birch-collective-develop, but the emulator is configured for birch-collective. To opt-out of single project mode add/set the '"singleProjectMode": false' property in the firebase.json emulators config.
 {"metadata":{"emulator":{"name":"firestore"},"message":"Multiple projectIds are not recommended in single project mode. Requested project ID birch-collective-develop, but the emulator is configured for birch-collective. To opt-out of single project mode add/set the '\"singleProjectMode\": false' property in the firebase.json emulators config.\n"}}
[debug] [2023-09-26T08:24:31.978Z] Sept 26, 2023 9:24:31 AM io.gapi.emulators.netty.HttpVersionRoutingHandler channelRead
INFO: Detected non-HTTP/2 connection.
Sept 26, 2023 9:24:31 AM io.gapi.emulators.netty.HttpVersionRoutingHandler channelRead
INFO: Detected non-HTTP/2 connection.
 {"metadata":{"emulator":{"name":"firestore"},"message":"Sept 26, 2023 9:24:31 AM io.gapi.emulators.netty.HttpVersionRoutingHandler channelRead\nINFO: Detected non-HTTP/2 connection.\nSept 26, 2023 9:24:31 AM io.gapi.emulators.netty.HttpVersionRoutingHandler channelRead\nINFO: Detected non-HTTP/2 connection.\n"}}
[debug] [2023-09-26T08:24:32.013Z] Multiple projectIds are not recommended in single project mode. Requested project ID birch-collective-develop, but the emulator is configured for birch-collective. To opt-out of single project mode add/set the '"singleProjectMode": false' property in the firebase.json emulators config.
Multiple projectIds are not recommended in single project mode. Requested project ID birch-collective-develop, but the emulator is configured for birch-collective. To opt-out of single project mode add/set the '"singleProjectMode": false' property in the firebase.json emulators config.
 {"metadata":{"emulator":{"name":"firestore"},"message":"Multiple projectIds are not recommended in single project mode. Requested project ID birch-collective-develop, but the emulator is configured for birch-collective. To opt-out of single project mode add/set the '\"singleProjectMode\": false' property in the firebase.json emulators config.\nMultiple projectIds are not recommended in single project mode. Requested project ID birch-collective-develop, but the emulator is configured for birch-collective. To opt-out of single project mode add/set the '\"singleProjectMode\": false' property in the firebase.json emulators config.\n"}}
[debug] [2023-09-26T08:37:55.700Z] Sept 26, 2023 9:37:55 AM io.gapi.emulators.netty.HttpVersionRoutingHandler channelRead
INFO: Detected non-HTTP/2 connection.
 {"metadata":{"emulator":{"name":"firestore"},"message":"Sept 26, 2023 9:37:55 AM io.gapi.emulators.netty.HttpVersionRoutingHandler channelRead\nINFO: Detected non-HTTP/2 connection.\n"}}
[debug] [2023-09-26T08:37:55.705Z] Multiple projectIds are not recommended in single project mode. Requested project ID birch-collective-develop, but the emulator is configured for birch-collective. To opt-out of single project mode add/set the '"singleProjectMode": false' property in the firebase.json emulators config.
 {"metadata":{"emulator":{"name":"firestore"},"message":"Multiple projectIds are not recommended in single project mode. Requested project ID birch-collective-develop, but the emulator is configured for birch-collective. To opt-out of single project mode add/set the '\"singleProjectMode\": false' property in the firebase.json emulators config.\n"}}
[debug] [2023-09-26T08:37:55.714Z] Sept 26, 2023 9:37:55 AM io.gapi.emulators.netty.HttpVersionRoutingHandler channelRead
INFO: Detected non-HTTP/2 connection.
 {"metadata":{"emulator":{"name":"firestore"},"message":"Sept 26, 2023 9:37:55 AM io.gapi.emulators.netty.HttpVersionRoutingHandler channelRead\nINFO: Detected non-HTTP/2 connection.\n"}}
[debug] [2023-09-26T08:37:55.720Z] Multiple projectIds are not recommended in single project mode. Requested project ID birch-collective-develop, but the emulator is configured for birch-collective. To opt-out of single project mode add/set the '"singleProjectMode": false' property in the firebase.json emulators config.
 {"metadata":{"emulator":{"name":"firestore"},"message":"Multiple projectIds are not recommended in single project mode. Requested project ID birch-collective-develop, but the emulator is configured for birch-collective. To opt-out of single project mode add/set the '\"singleProjectMode\": false' property in the firebase.json emulators config.\n"}}
[debug] [2023-09-26T08:37:55.736Z] Sept 26, 2023 9:37:55 AM io.gapi.emulators.netty.HttpVersionRoutingHandler channelRead
INFO: Detected non-HTTP/2 connection.
 {"metadata":{"emulator":{"name":"firestore"},"message":"Sept 26, 2023 9:37:55 AM io.gapi.emulators.netty.HttpVersionRoutingHandler channelRead\nINFO: Detected non-HTTP/2 connection.\n"}}
[debug] [2023-09-26T08:37:55.742Z] Multiple projectIds are not recommended in single project mode. Requested project ID birch-collective-develop, but the emulator is configured for birch-collective. To opt-out of single project mode add/set the '"singleProjectMode": false' property in the firebase.json emulators config.
 {"metadata":{"emulator":{"name":"firestore"},"message":"Multiple projectIds are not recommended in single project mode. Requested project ID birch-collective-develop, but the emulator is configured for birch-collective. To opt-out of single project mode add/set the '\"singleProjectMode\": false' property in the firebase.json emulators config.\n"}}
[debug] [2023-09-26T08:37:55.750Z] Sept 26, 2023 9:37:55 AM io.gapi.emulators.netty.HttpVersionRoutingHandler channelRead
INFO: Detected non-HTTP/2 connection.
 {"metadata":{"emulator":{"name":"firestore"},"message":"Sept 26, 2023 9:37:55 AM io.gapi.emulators.netty.HttpVersionRoutingHandler channelRead\nINFO: Detected non-HTTP/2 connection.\n"}}
[debug] [2023-09-26T08:37:55.754Z] Multiple projectIds are not recommended in single project mode. Requested project ID birch-collective-develop, but the emulator is configured for birch-collective. To opt-out of single project mode add/set the '"singleProjectMode": false' property in the firebase.json emulators config.
 {"metadata":{"emulator":{"name":"firestore"},"message":"Multiple projectIds are not recommended in single project mode. Requested project ID birch-collective-develop, but the emulator is configured for birch-collective. To opt-out of single project mode add/set the '\"singleProjectMode\": false' property in the firebase.json emulators config.\n"}}
[debug] [2023-09-26T08:37:55.762Z] Sept 26, 2023 9:37:55 AM io.gapi.emulators.netty.HttpVersionRoutingHandler channelRead
INFO: Detected non-HTTP/2 connection.
 {"metadata":{"emulator":{"name":"firestore"},"message":"Sept 26, 2023 9:37:55 AM io.gapi.emulators.netty.HttpVersionRoutingHandler channelRead\nINFO: Detected non-HTTP/2 connection.\n"}}
[debug] [2023-09-26T08:37:55.770Z] Multiple projectIds are not recommended in single project mode. Requested project ID birch-collective-develop, but the emulator is configured for birch-collective. To opt-out of single project mode add/set the '"singleProjectMode": false' property in the firebase.json emulators config.
 {"metadata":{"emulator":{"name":"firestore"},"message":"Multiple projectIds are not recommended in single project mode. Requested project ID birch-collective-develop, but the emulator is configured for birch-collective. To opt-out of single project mode add/set the '\"singleProjectMode\": false' property in the firebase.json emulators config.\n"}}
[debug] [2023-09-26T08:37:55.779Z] Sept 26, 2023 9:37:55 AM io.gapi.emulators.netty.HttpVersionRoutingHandler channelRead
INFO: Detected non-HTTP/2 connection.
 {"metadata":{"emulator":{"name":"firestore"},"message":"Sept 26, 2023 9:37:55 AM io.gapi.emulators.netty.HttpVersionRoutingHandler channelRead\nINFO: Detected non-HTTP/2 connection.\n"}}
[debug] [2023-09-26T08:37:55.779Z] Multiple projectIds are not recommended in single project mode. Requested project ID birch-collective-develop, but the emulator is configured for birch-collective. To opt-out of single project mode add/set the '"singleProjectMode": false' property in the firebase.json emulators config.
 {"metadata":{"emulator":{"name":"firestore"},"message":"Multiple projectIds are not recommended in single project mode. Requested project ID birch-collective-develop, but the emulator is configured for birch-collective. To opt-out of single project mode add/set the '\"singleProjectMode\": false' property in the firebase.json emulators config.\n"}}
[debug] [2023-09-26T08:37:55.793Z] Sept 26, 2023 9:37:55 AM io.gapi.emulators.netty.HttpVersionRoutingHandler channelRead
INFO: Detected non-HTTP/2 connection.
 {"metadata":{"emulator":{"name":"firestore"},"message":"Sept 26, 2023 9:37:55 AM io.gapi.emulators.netty.HttpVersionRoutingHandler channelRead\nINFO: Detected non-HTTP/2 connection.\n"}}
[debug] [2023-09-26T08:37:55.797Z] Multiple projectIds are not recommended in single project mode. Requested project ID birch-collective-develop, but the emulator is configured for birch-collective. To opt-out of single project mode add/set the '"singleProjectMode": false' property in the firebase.json emulators config.
 {"metadata":{"emulator":{"name":"firestore"},"message":"Multiple projectIds are not recommended in single project mode. Requested project ID birch-collective-develop, but the emulator is configured for birch-collective. To opt-out of single project mode add/set the '\"singleProjectMode\": false' property in the firebase.json emulators config.\n"}}
[debug] [2023-09-26T08:37:55.807Z] Sept 26, 2023 9:37:55 AM io.gapi.emulators.netty.HttpVersionRoutingHandler channelRead
INFO: Detected non-HTTP/2 connection.
 {"metadata":{"emulator":{"name":"firestore"},"message":"Sept 26, 2023 9:37:55 AM io.gapi.emulators.netty.HttpVersionRoutingHandler channelRead\nINFO: Detected non-HTTP/2 connection.\n"}}
[debug] [2023-09-26T08:37:55.810Z] Multiple projectIds are not recommended in single project mode. Requested project ID birch-collective-develop, but the emulator is configured for birch-collective. To opt-out of single project mode add/set the '"singleProjectMode": false' property in the firebase.json emulators config.
 {"metadata":{"emulator":{"name":"firestore"},"message":"Multiple projectIds are not recommended in single project mode. Requested project ID birch-collective-develop, but the emulator is configured for birch-collective. To opt-out of single project mode add/set the '\"singleProjectMode\": false' property in the firebase.json emulators config.\n"}}
[debug] [2023-09-26T08:37:55.825Z] Sept 26, 2023 9:37:55 AM io.gapi.emulators.netty.HttpVersionRoutingHandler channelRead
INFO: Detected non-HTTP/2 connection.
 {"metadata":{"emulator":{"name":"firestore"},"message":"Sept 26, 2023 9:37:55 AM io.gapi.emulators.netty.HttpVersionRoutingHandler channelRead\nINFO: Detected non-HTTP/2 connection.\n"}}
[debug] [2023-09-26T08:37:55.836Z] Multiple projectIds are not recommended in single project mode. Requested project ID birch-collective-develop, but the emulator is configured for birch-collective. To opt-out of single project mode add/set the '"singleProjectMode": false' property in the firebase.json emulators config.
 {"metadata":{"emulator":{"name":"firestore"},"message":"Multiple projectIds are not recommended in single project mode. Requested project ID birch-collective-develop, but the emulator is configured for birch-collective. To opt-out of single project mode add/set the '\"singleProjectMode\": false' property in the firebase.json emulators config.\n"}}
[debug] [2023-09-26T08:37:55.852Z] Sept 26, 2023 9:37:55 AM io.gapi.emulators.netty.HttpVersionRoutingHandler channelRead
INFO: Detected non-HTTP/2 connection.
 {"metadata":{"emulator":{"name":"firestore"},"message":"Sept 26, 2023 9:37:55 AM io.gapi.emulators.netty.HttpVersionRoutingHandler channelRead\nINFO: Detected non-HTTP/2 connection.\n"}}
[debug] [2023-09-26T08:37:55.855Z] Sept 26, 2023 9:37:55 AM io.gapi.emulators.netty.HttpVersionRoutingHandler channelRead
INFO: Detected non-HTTP/2 connection.
 {"metadata":{"emulator":{"name":"firestore"},"message":"Sept 26, 2023 9:37:55 AM io.gapi.emulators.netty.HttpVersionRoutingHandler channelRead\nINFO: Detected non-HTTP/2 connection.\n"}}
[debug] [2023-09-26T08:37:55.869Z] Multiple projectIds are not recommended in single project mode. Requested project ID birch-collective-develop, but the emulator is configured for birch-collective. To opt-out of single project mode add/set the '"singleProjectMode": false' property in the firebase.json emulators config.
Multiple projectIds are not recommended in single project mode. Requested project ID birch-collective-develop, but the emulator is configured for birch-collective. To opt-out of single project mode add/set the '"singleProjectMode": false' property in the firebase.json emulators config.
 {"metadata":{"emulator":{"name":"firestore"},"message":"Multiple projectIds are not recommended in single project mode. Requested project ID birch-collective-develop, but the emulator is configured for birch-collective. To opt-out of single project mode add/set the '\"singleProjectMode\": false' property in the firebase.json emulators config.\nMultiple projectIds are not recommended in single project mode. Requested project ID birch-collective-develop, but the emulator is configured for birch-collective. To opt-out of single project mode add/set the '\"singleProjectMode\": false' property in the firebase.json emulators config.\n"}}
